[01m[K/aether/src/gps_node/src/gps_node.cpp:13:10:[m[K [01;31m[Kfatal error: [m[Ksenor_msgs/msg/nav_sat_status.hpp: No such file or directory
   13 | #include [01;31m[K<senor_msgs/msg/nav_sat_status.hpp>[m[K
      |          [01;31m[K^~~~~~~~~~~~~~~~~~~~~~~~~~~~~~~~~~~[m[K
compilation terminated.
gmake[2]: *** [CMakeFiles/gps_node.dir/build.make:76: CMakeFiles/gps_node.dir/src/gps_node.cpp.o] Error 1
gmake[1]: *** [CMakeFiles/Makefile2:137: CMakeFiles/gps_node.dir/all] Error 2
gmake: *** [Makefile:146: all] Error 2
