[0.014s] Invoking command in '/aether/build/gps_node': CMAKE_PREFIX_PATH=/opt/ros/jazzy /usr/bin/cmake /aether/src/gps_node -DCMAKE_INSTALL_PREFIX=/aether/install/gps_node
[0.122s] -- The C compiler identification is GNU 13.3.0
[0.223s] -- The CXX compiler identification is GNU 13.3.0
[0.250s] -- Detecting C compiler ABI info
[0.405s] -- Detecting C compiler ABI info - done
[0.421s] -- Check for working C compiler: /usr/bin/cc - skipped
[0.421s] -- Detecting C compile features
[0.421s] -- Detecting C compile features - done
[0.435s] -- Detecting CXX compiler ABI info
[0.609s] -- Detecting CXX compiler ABI info - done
[0.624s] -- Check for working CXX compiler: /usr/bin/c++ - skipped
[0.624s] -- Detecting CXX compile features
[0.625s] -- Detecting CXX compile features - done
[0.629s] -- Found ament_cmake: 2.5.5 (/opt/ros/jazzy/share/ament_cmake/cmake)
[0.802s] -- Found Python3: /usr/bin/python3 (found version "3.12.3") found components: Interpreter 
[0.952s] -- Found rclcpp: 28.1.16 (/opt/ros/jazzy/share/rclcpp/cmake)
[0.996s] -- Found rosidl_generator_c: 4.6.7 (/opt/ros/jazzy/share/rosidl_generator_c/cmake)
[1.014s] -- Found rosidl_generator_cpp: 4.6.7 (/opt/ros/jazzy/share/rosidl_generator_cpp/cmake)
[1.034s] -- Using all available rosidl_typesupport_c: rosidl_typesupport_fastrtps_c;rosidl_typesupport_introspection_c
[1.058s] -- Using all available rosidl_typesupport_cpp: rosidl_typesupport_fastrtps_cpp;rosidl_typesupport_introspection_cpp
[1.156s] -- Found rmw_implementation_cmake: 7.3.3 (/opt/ros/jazzy/share/rmw_implementation_cmake/cmake)
[1.159s] -- Found rmw_fastrtps_cpp: 8.4.3 (/opt/ros/jazzy/share/rmw_fastrtps_cpp/cmake)
[1.283s] -- Found OpenSSL: /usr/lib/aarch64-linux-gnu/libcrypto.so (found version "3.0.13")  
[1.305s] -- Found FastRTPS: /opt/ros/jazzy/include (Required is at least version "2.13") 
[1.338s] -- Using RMW implementation 'rmw_fastrtps_cpp' as default
[1.429s] -- Found sensor_msgs: 5.3.6 (/opt/ros/jazzy/share/sensor_msgs/cmake)
[1.648s] -- Configuring done (1.6s)
[1.665s] -- Generating done (0.0s)
[1.670s] -- Build files have been written to: /aether/build/gps_node
[1.686s] Invoked command in '/aether/build/gps_node' returned '0': CMAKE_PREFIX_PATH=/opt/ros/jazzy /usr/bin/cmake /aether/src/gps_node -DCMAKE_INSTALL_PREFIX=/aether/install/gps_node
[1.690s] Invoking command in '/aether/build/gps_node': CMAKE_PREFIX_PATH=/opt/ros/jazzy /usr/bin/cmake --build /aether/build/gps_node -- -j4 -l4
[1.782s] [ 50%] [32mBuilding CXX object CMakeFiles/gps_node.dir/src/gps_node.cpp.o[0m
[2.219s] [01m[K/aether/src/gps_node/src/gps_node.cpp:13:10:[m[K [01;31m[Kfatal error: [m[Ksenor_msgs/msg/nav_sat_status.hpp: No such file or directory
[2.219s]    13 | #include [01;31m[K<senor_msgs/msg/nav_sat_status.hpp>[m[K
[2.219s]       |          [01;31m[K^~~~~~~~~~~~~~~~~~~~~~~~~~~~~~~~~~~[m[K
[2.219s] compilation terminated.
[2.226s] gmake[2]: *** [CMakeFiles/gps_node.dir/build.make:76: CMakeFiles/gps_node.dir/src/gps_node.cpp.o] Error 1
[2.226s] gmake[1]: *** [CMakeFiles/Makefile2:137: CMakeFiles/gps_node.dir/all] Error 2
[2.226s] gmake: *** [Makefile:146: all] Error 2
[2.230s] Invoked command in '/aether/build/gps_node' returned '2': CMAKE_PREFIX_PATH=/opt/ros/jazzy /usr/bin/cmake --build /aether/build/gps_node -- -j4 -l4
